[debug] [2024-10-16T17:51:52.005Z] ----------------------------------------------------------------------
[debug] [2024-10-16T17:51:52.007Z] Command:       C:\Program Files\nodejs\node.exe C:\Users\wondw\AppData\Roaming\npm\node_modules\firebase-tools\lib\bin\firebase.js init
[debug] [2024-10-16T17:51:52.007Z] CLI Version:   13.22.0
[debug] [2024-10-16T17:51:52.007Z] Platform:      win32
[debug] [2024-10-16T17:51:52.007Z] Node Version:  v20.9.0
[debug] [2024-10-16T17:51:52.008Z] Time:          Wed Oct 16 2024 13:51:52 GMT-0400 (Eastern Daylight Time)
[debug] [2024-10-16T17:51:52.008Z] ----------------------------------------------------------------------
[debug] 
[debug] [2024-10-16T17:51:52.013Z] > command requires scopes: ["email","openid","https://www.googleapis.com/auth/cloudplatformprojects.readonly","https://www.googleapis.com/auth/firebase","https://www.googleapis.com/auth/cloud-platform"]
[debug] [2024-10-16T17:51:52.013Z] > authorizing via signed-in user (wondwossen32@gmail.com)
[info] 
     ######## #### ########  ######## ########     ###     ######  ########
     ##        ##  ##     ## ##       ##     ##  ##   ##  ##       ##
     ######    ##  ########  ######   ########  #########  ######  ######
     ##        ##  ##    ##  ##       ##     ## ##     ##       ## ##
     ##       #### ##     ## ######## ########  ##     ##  ######  ########

You're about to initialize a Firebase project in this directory:

  C:\Users\wondw\OneDrive\Desktop\All Folders\Evangandi Class 2022\MyPortfolio

[info] 
=== Project Setup
[info] 
[info] First, let's associate this project directory with a Firebase project.
[info] You can create multiple project aliases by running firebase use --add, 
[info] but for now we'll just set up a default project.
[info] 
[debug] [2024-10-16T17:52:16.908Z] Checked if tokens are valid: false, expires at: 1729046968147
[debug] [2024-10-16T17:52:16.908Z] Checked if tokens are valid: false, expires at: 1729046968147
[debug] [2024-10-16T17:52:16.909Z] > refreshing access token with scopes: []
[debug] [2024-10-16T17:52:16.910Z] >>> [apiv2][query] POST https://www.googleapis.com/oauth2/v3/token [none]
[debug] [2024-10-16T17:52:16.911Z] >>> [apiv2][body] POST https://www.googleapis.com/oauth2/v3/token [omitted]
[debug] [2024-10-16T17:52:17.105Z] <<< [apiv2][status] POST https://www.googleapis.com/oauth2/v3/token 200
[debug] [2024-10-16T17:52:17.105Z] <<< [apiv2][body] POST https://www.googleapis.com/oauth2/v3/token [omitted]
[debug] [2024-10-16T17:52:17.154Z] >>> [apiv2][query] GET https://firebase.googleapis.com/v1beta1/projects pageSize=100
[debug] [2024-10-16T17:52:17.524Z] <<< [apiv2][status] GET https://firebase.googleapis.com/v1beta1/projects 200
[debug] [2024-10-16T17:52:17.524Z] <<< [apiv2][body] GET https://firebase.googleapis.com/v1beta1/projects [omitted]
